This is pdfTeX, Version 3.14159265-2.6-1.40.17 (TeX Live 2016) (preloaded format=pdflatex 2016.8.3)  12 AUG 2016 16:12
entering extended mode
 restricted \write18 enabled.
 %&-line parsing enabled.
**main.tex
(./main.tex
LaTeX2e <2016/03/31> patch level 3
Babel <3.9r> and hyphenation patterns for 83 language(s) loaded.
(/usr/local/texlive/2016/texmf-dist/tex/latex/base/report.cls
Document Class: report 2014/09/29 v1.4h Standard LaTeX document class
(/usr/local/texlive/2016/texmf-dist/tex/latex/base/size11.clo
File: size11.clo 2014/09/29 v1.4h Standard LaTeX file (size option)
)
\c@part=\count79
\c@chapter=\count80
\c@section=\count81
\c@subsection=\count82
\c@subsubsection=\count83
\c@paragraph=\count84
\c@subparagraph=\count85
\c@figure=\count86
\c@table=\count87
\abovecaptionskip=\skip41
\belowcaptionskip=\skip42
\bibindent=\dimen102
)
(/usr/local/texlive/2016/texmf-dist/tex/generic/babel/babel.sty
Package: babel 2016/04/23 3.9r The Babel package

(/usr/local/texlive/2016/texmf-dist/tex/generic/babel-english/english.ldf
Language: english 2012/08/20 v3.3p English support from the babel system

(/usr/local/texlive/2016/texmf-dist/tex/generic/babel/babel.def
File: babel.def 2016/04/23 3.9r Babel common definitions
\babel@savecnt=\count88
\U@D=\dimen103
)
\l@canadian = a dialect from \language\l@american 
\l@australian = a dialect from \language\l@british 
\l@newzealand = a dialect from \language\l@british 
))
(/usr/local/texlive/2016/texmf-dist/tex/latex/xcolor/xcolor.sty
Package: xcolor 2016/05/11 v2.12 LaTeX color extensions (UK)

(/usr/local/texlive/2016/texmf-dist/tex/latex/graphics-cfg/color.cfg
File: color.cfg 2016/01/02 v1.6 sample color configuration
)
Package xcolor Info: Driver file: pdftex.def on input line 225.

(/usr/local/texlive/2016/texmf-dist/tex/latex/graphics-def/pdftex.def
File: pdftex.def 2016/07/10 v0.06j Graphics/color for pdfTeX

(/usr/local/texlive/2016/texmf-dist/tex/generic/oberdiek/infwarerr.sty
Package: infwarerr 2016/05/16 v1.4 Providing info/warning/error messages (HO)
)
(/usr/local/texlive/2016/texmf-dist/tex/generic/oberdiek/ltxcmds.sty
Package: ltxcmds 2016/05/16 v1.23 LaTeX kernel commands for general use (HO)
)
\Gread@gobject=\count89
)
Package xcolor Info: Model `cmy' substituted by `cmy0' on input line 1348.
Package xcolor Info: Model `hsb' substituted by `rgb' on input line 1352.
Package xcolor Info: Model `RGB' extended on input line 1364.
Package xcolor Info: Model `HTML' substituted by `rgb' on input line 1366.
Package xcolor Info: Model `Hsb' substituted by `hsb' on input line 1367.
Package xcolor Info: Model `tHsb' substituted by `hsb' on input line 1368.
Package xcolor Info: Model `HSB' substituted by `hsb' on input line 1369.
Package xcolor Info: Model `Gray' substituted by `gray' on input line 1370.
Package xcolor Info: Model `wave' substituted by `hsb' on input line 1371.
)
(/usr/local/texlive/2016/texmf-dist/tex/latex/graphics/graphicx.sty
Package: graphicx 2014/10/28 v1.0g Enhanced LaTeX Graphics (DPC,SPQR)

(/usr/local/texlive/2016/texmf-dist/tex/latex/graphics/keyval.sty
Package: keyval 2014/10/28 v1.15 key=value parser (DPC)
\KV@toks@=\toks14
)
(/usr/local/texlive/2016/texmf-dist/tex/latex/graphics/graphics.sty
Package: graphics 2016/07/10 v1.0t Standard LaTeX Graphics (DPC,SPQR)

(/usr/local/texlive/2016/texmf-dist/tex/latex/graphics/trig.sty
Package: trig 2016/01/03 v1.10 sin cos tan (DPC)
)
(/usr/local/texlive/2016/texmf-dist/tex/latex/graphics-cfg/graphics.cfg
File: graphics.cfg 2016/06/04 v1.11 sample graphics configuration
)
Package graphics Info: Driver file: pdftex.def on input line 99.
)
\Gin@req@height=\dimen104
\Gin@req@width=\dimen105
)
(/usr/local/texlive/2016/texmf-dist/tex/latex/caption/caption.sty
Package: caption 2016/02/21 v3.3-144 Customizing captions (AR)

(/usr/local/texlive/2016/texmf-dist/tex/latex/caption/caption3.sty
Package: caption3 2016/05/22 v1.7-166 caption3 kernel (AR)
Package caption3 Info: TeX engine: e-TeX on input line 67.
\captionmargin=\dimen106
\captionmargin@=\dimen107
\captionwidth=\dimen108
\caption@tempdima=\dimen109
\caption@indent=\dimen110
\caption@parindent=\dimen111
\caption@hangindent=\dimen112
)
\c@ContinuedFloat=\count90
)
(./main.aux)
\openout1 = `main.aux'.

LaTeX Font Info:    Checking defaults for OML/cmm/m/it on input line 13.
LaTeX Font Info:    ... okay on input line 13.
LaTeX Font Info:    Checking defaults for T1/cmr/m/n on input line 13.
LaTeX Font Info:    ... okay on input line 13.
LaTeX Font Info:    Checking defaults for OT1/cmr/m/n on input line 13.
LaTeX Font Info:    ... okay on input line 13.
LaTeX Font Info:    Checking defaults for OMS/cmsy/m/n on input line 13.
LaTeX Font Info:    ... okay on input line 13.
LaTeX Font Info:    Checking defaults for OMX/cmex/m/n on input line 13.
LaTeX Font Info:    ... okay on input line 13.
LaTeX Font Info:    Checking defaults for U/cmr/m/n on input line 13.
LaTeX Font Info:    ... okay on input line 13.

(/usr/local/texlive/2016/texmf-dist/tex/context/base/mkii/supp-pdf.mkii
[Loading MPS to PDF converter (version 2006.09.02).]
\scratchcounter=\count91
\scratchdimen=\dimen113
\scratchbox=\box26
\nofMPsegments=\count92
\nofMParguments=\count93
\everyMPshowfont=\toks15
\MPscratchCnt=\count94
\MPscratchDim=\dimen114
\MPnumerator=\count95
\makeMPintoPDFobject=\count96
\everyMPtoPDFconversion=\toks16
) (/usr/local/texlive/2016/texmf-dist/tex/generic/oberdiek/pdftexcmds.sty
Package: pdftexcmds 2016/05/21 v0.22 Utility functions of pdfTeX for LuaTeX (HO
)

(/usr/local/texlive/2016/texmf-dist/tex/generic/oberdiek/ifluatex.sty
Package: ifluatex 2016/05/16 v1.4 Provides the ifluatex switch (HO)
Package ifluatex Info: LuaTeX not detected.
)
(/usr/local/texlive/2016/texmf-dist/tex/generic/oberdiek/ifpdf.sty
Package: ifpdf 2016/05/14 v3.1 Provides the ifpdf switch
)
Package pdftexcmds Info: LuaTeX not detected.
Package pdftexcmds Info: \pdf@primitive is available.
Package pdftexcmds Info: \pdf@ifprimitive is available.
Package pdftexcmds Info: \pdfdraftmode found.
)
(/usr/local/texlive/2016/texmf-dist/tex/latex/oberdiek/epstopdf-base.sty
Package: epstopdf-base 2016/05/15 v2.6 Base part for package epstopdf

(/usr/local/texlive/2016/texmf-dist/tex/latex/oberdiek/grfext.sty
Package: grfext 2016/05/16 v1.2 Manage graphics extensions (HO)

(/usr/local/texlive/2016/texmf-dist/tex/generic/oberdiek/kvdefinekeys.sty
Package: kvdefinekeys 2016/05/16 v1.4 Define keys (HO)
))
(/usr/local/texlive/2016/texmf-dist/tex/latex/oberdiek/kvoptions.sty
Package: kvoptions 2016/05/16 v3.12 Key value format for package options (HO)

(/usr/local/texlive/2016/texmf-dist/tex/generic/oberdiek/kvsetkeys.sty
Package: kvsetkeys 2016/05/16 v1.17 Key value parser (HO)

(/usr/local/texlive/2016/texmf-dist/tex/generic/oberdiek/etexcmds.sty
Package: etexcmds 2016/05/16 v1.6 Avoid name clashes with e-TeX commands (HO)
Package etexcmds Info: Could not find \expanded.
(etexcmds)             That can mean that you are not using pdfTeX 1.50 or
(etexcmds)             that some package has redefined \expanded.
(etexcmds)             In the latter case, load this package earlier.
)))
Package epstopdf-base Info: Redefining graphics rule for `.eps' on input line 4
38.
Package grfext Info: Graphics extension search list:
(grfext)             [.png,.pdf,.jpg,.mps,.jpeg,.jbig2,.jb2,.PNG,.PDF,.JPG,.JPE
G,.JBIG2,.JB2,.eps]
(grfext)             \AppendGraphicsExtensions on input line 456.

(/usr/local/texlive/2016/texmf-dist/tex/latex/latexconfig/epstopdf-sys.cfg
File: epstopdf-sys.cfg 2010/07/13 v1.3 Configuration of (r)epstopdf for TeX Liv
e
))
Package caption Info: Begin \AtBeginDocument code.
Package caption Info: End \AtBeginDocument code.
LaTeX Font Info:    External font `cmex10' loaded for size
(Font)              <12> on input line 14.
LaTeX Font Info:    External font `cmex10' loaded for size
(Font)              <8> on input line 14.
LaTeX Font Info:    External font `cmex10' loaded for size
(Font)              <6> on input line 14.

[1

{/usr/local/texlive/2016/texmf-var/fonts/map/pdftex/updmap/pdftex.map}]
(./main.toc
LaTeX Font Info:    External font `cmex10' loaded for size
(Font)              <10.95> on input line 3.
)
\tf@toc=\write3
\openout3 = `main.toc'.

 [1

]
Chapter 1.
<../examples/slots/squared_slot.pdf, id=15, 39.30345pt x 73.91333pt>
File: ../examples/slots/squared_slot.pdf Graphic file (type pdf)

<use ../examples/slots/squared_slot.pdf>
Package pdftex.def Info: ../examples/slots/squared_slot.pdf used on input line 
37.
(pdftex.def)             Requested size: 39.30334pt x 73.91315pt.

<../examples/slots/rounded_slot.pdf, id=16, 38.9993pt x 73.89633pt>
File: ../examples/slots/rounded_slot.pdf Graphic file (type pdf)

<use ../examples/slots/rounded_slot.pdf>
Package pdftex.def Info: ../examples/slots/rounded_slot.pdf used on input line 
37.
(pdftex.def)             Requested size: 38.99919pt x 73.89613pt.

<../examples/slots/round_slot.pdf, id=17, 39.31654pt x 73.90094pt>
File: ../examples/slots/round_slot.pdf Graphic file (type pdf)

<use ../examples/slots/round_slot.pdf>
Package pdftex.def Info: ../examples/slots/round_slot.pdf used on input line 37
.
(pdftex.def)             Requested size: 39.31644pt x 73.90074pt.

<../examples/slots/semiround_slot.pdf, id=18, 38.29865pt x 73.90422pt>
File: ../examples/slots/semiround_slot.pdf Graphic file (type pdf)

<use ../examples/slots/semiround_slot.pdf>
Package pdftex.def Info: ../examples/slots/semiround_slot.pdf used on input lin
e 37.
(pdftex.def)             Requested size: 38.29854pt x 73.90402pt.

<../examples/slots/roundsemi_slot.pdf, id=19, 39.29227pt x 73.91333pt>
File: ../examples/slots/roundsemi_slot.pdf Graphic file (type pdf)

<use ../examples/slots/roundsemi_slot.pdf>
Package pdftex.def Info: ../examples/slots/roundsemi_slot.pdf used on input lin
e 37.
(pdftex.def)             Requested size: 39.29216pt x 73.91315pt.

<../examples/slots/semiarc_slot.pdf, id=20, 39.25375pt x 74.18025pt>
File: ../examples/slots/semiarc_slot.pdf Graphic file (type pdf)

<use ../examples/slots/semiarc_slot.pdf>
Package pdftex.def Info: ../examples/slots/semiarc_slot.pdf used on input line 
37.
(pdftex.def)             Requested size: 39.25363pt x 74.18005pt.

<../examples/slots/roundarc_slot.pdf, id=21, 39.25221pt x 74.18025pt>
File: ../examples/slots/roundarc_slot.pdf Graphic file (type pdf)

<use ../examples/slots/roundarc_slot.pdf>
Package pdftex.def Info: ../examples/slots/roundarc_slot.pdf used on input line
 37.
(pdftex.def)             Requested size: 39.2521pt x 74.18005pt.
 [2

 <../examples/slots/squared_slot.pdf> <../examples/slots/rounded_slot.pdf

pdfTeX warning: /opt/texbin/pdflatex (file ../examples/slots/rounded_slot.pdf):
 PDF inclusion: multiple pdfs with page group included in a single page
> <../examples/slots/round_slot.pdf

pdfTeX warning: /opt/texbin/pdflatex (file ../examples/slots/round_slot.pdf): P
DF inclusion: multiple pdfs with page group included in a single page
> <../examples/slots/semiround_slot.pdf

pdfTeX warning: /opt/texbin/pdflatex (file ../examples/slots/semiround_slot.pdf
): PDF inclusion: multiple pdfs with page group included in a single page
> <../examples/slots/roundsemi_slot.pdf

pdfTeX warning: /opt/texbin/pdflatex (file ../examples/slots/roundsemi_slot.pdf
): PDF inclusion: multiple pdfs with page group included in a single page
> <../examples/slots/semiarc_slot.pdf

pdfTeX warning: /opt/texbin/pdflatex (file ../examples/slots/semiarc_slot.pdf):
 PDF inclusion: multiple pdfs with page group included in a single page
> <../examples/slots/roundarc_slot.pdf

pdfTeX warning: /opt/texbin/pdflatex (file ../examples/slots/roundarc_slot.pdf)
: PDF inclusion: multiple pdfs with page group included in a single page
>] <../examples/stators/1pole.pdf, id=34, 184.1538pt x 258.68292pt>
File: ../examples/stators/1pole.pdf Graphic file (type pdf)

<use ../examples/stators/1pole.pdf>
Package pdftex.def Info: ../examples/stators/1pole.pdf used on input line 45.
(pdftex.def)             Requested size: 138.11499pt x 194.0117pt.

<../examples/stators/2pole.pdf, id=35, 405.58517pt x 310.13544pt>
File: ../examples/stators/2pole.pdf Graphic file (type pdf)

<use ../examples/stators/2pole.pdf>
Package pdftex.def Info: ../examples/stators/2pole.pdf used on input line 52.
(pdftex.def)             Requested size: 304.18813pt x 232.60098pt.

<../examples/stators/ppole.pdf, id=36, 568.79573pt x 310.12373pt>
File: ../examples/stators/ppole.pdf Graphic file (type pdf)

<use ../examples/stators/ppole.pdf>
Package pdftex.def Info: ../examples/stators/ppole.pdf used on input line 59.
(pdftex.def)             Requested size: 426.59575pt x 232.59222pt.

Overfull \hbox (95.59575pt too wide) in paragraph at lines 58--64
[][]
 []

[3 <../examples/stators/1pole.pdf> <../examples/stators/2pole.pdf

pdfTeX warning: /opt/texbin/pdflatex (file ../examples/stators/2pole.pdf): PDF 
inclusion: multiple pdfs with page group included in a single page
>] <../examples/stators/2ppole.pdf, id=43, 569.85823pt x 569.85786pt>
File: ../examples/stators/2ppole.pdf Graphic file (type pdf)

<use ../examples/stators/2ppole.pdf>
Package pdftex.def Info: ../examples/stators/2ppole.pdf used on input line 66.
(pdftex.def)             Requested size: 427.39261pt x 427.39233pt.

Overfull \hbox (96.39261pt too wide) in paragraph at lines 65--71
[][] 
 []

[4 <../examples/stators/ppole.pdf>] [5 <../examples/stators/2ppole.pdf>]
<../examples/magnets/parallel_rect.pdf, id=55, 161.57098pt x 36.56966pt>
File: ../examples/magnets/parallel_rect.pdf Graphic file (type pdf)

<use ../examples/magnets/parallel_rect.pdf>
Package pdftex.def Info: ../examples/magnets/parallel_rect.pdf used on input li
ne 79.
(pdftex.def)             Requested size: 161.57059pt x 36.56955pt.

<../examples/magnets/parallel_trapz.pdf, id=56, 161.57098pt x 36.56966pt>
File: ../examples/magnets/parallel_trapz.pdf Graphic file (type pdf)

<use ../examples/magnets/parallel_trapz.pdf>
Package pdftex.def Info: ../examples/magnets/parallel_trapz.pdf used on input l
ine 87.
(pdftex.def)             Requested size: 161.57059pt x 36.56955pt.

<../examples/magnets/radial_trapz.pdf, id=57, 161.57098pt x 36.56976pt>
File: ../examples/magnets/radial_trapz.pdf Graphic file (type pdf)

<use ../examples/magnets/radial_trapz.pdf>
Package pdftex.def Info: ../examples/magnets/radial_trapz.pdf used on input lin
e 95.
(pdftex.def)             Requested size: 161.57059pt x 36.56966pt.
 [6 <../examples/magnets/parallel_rect.pdf> <../examples/magnets/parallel_trapz
.pdf

pdfTeX warning: /opt/texbin/pdflatex (file ../examples/magnets/parallel_trapz.p
df): PDF inclusion: multiple pdfs with page group included in a single page
> <../examples/magnets/radial_trapz.pdf

pdfTeX warning: /opt/texbin/pdflatex (file ../examples/magnets/radial_trapz.pdf
): PDF inclusion: multiple pdfs with page group included in a single page
>] <../examples/rotors/1pole.pdf, id=66, 126.51079pt x 177.21585pt>
File: ../examples/rotors/1pole.pdf Graphic file (type pdf)

<use ../examples/rotors/1pole.pdf>
Package pdftex.def Info: ../examples/rotors/1pole.pdf used on input line 107.
(pdftex.def)             Requested size: 94.88284pt x 132.91154pt.

<../examples/rotors/2pole.pdf, id=67, 175.79318pt x 265.42221pt>
File: ../examples/rotors/2pole.pdf Graphic file (type pdf)

<use ../examples/rotors/2pole.pdf>
Package pdftex.def Info: ../examples/rotors/2pole.pdf used on input line 114.
(pdftex.def)             Requested size: 131.84454pt x 199.06616pt.

<../examples/rotors/ppole.pdf, id=68, 328.56544pt x 263.3337pt>
File: ../examples/rotors/ppole.pdf Graphic file (type pdf)

<use ../examples/rotors/ppole.pdf>
Package pdftex.def Info: ../examples/rotors/ppole.pdf used on input line 121.
(pdftex.def)             Requested size: 246.42348pt x 197.49977pt.
 [7 <../examples/rotors/1pole.pdf> <../examples/rotors/2pole.pdf

pdfTeX warning: /opt/texbin/pdflatex (file ../examples/rotors/2pole.pdf): PDF i
nclusion: multiple pdfs with page group included in a single page
>] <../examples/rotors/2ppole.pdf, id=75, 350.77191pt x 349.45154pt>
File: ../examples/rotors/2ppole.pdf Graphic file (type pdf)

<use ../examples/rotors/2ppole.pdf>
Package pdftex.def Info: ../examples/rotors/2ppole.pdf used on input line 128.
(pdftex.def)             Requested size: 263.07828pt x 262.08801pt.
 [8 <../examples/rotors/ppole.pdf> <../examples/rotors/2ppole.pdf

pdfTeX warning: /opt/texbin/pdflatex (file ../examples/rotors/2ppole.pdf): PDF 
inclusion: multiple pdfs with page group included in a single page
>]
Chapter 2.
[9

] (./main.aux) ) 
Here is how much of TeX's memory you used:
 3556 strings out of 493013
 54720 string characters out of 6133329
 121867 words of memory out of 5000000
 7058 multiletter control sequences out of 15000+600000
 10185 words of font info for 36 fonts, out of 8000000 for 9000
 1141 hyphenation exceptions out of 8191
 40i,11n,38p,230b,208s stack positions out of 5000i,500n,10000p,200000b,80000s
</usr/local/texlive/2016/texmf-dist/fonts/type1/public/amsfonts
/cm/cmbx10.pfb></usr/local/texlive/2016/texmf-dist/fonts/type1/public/amsfonts/
cm/cmbx12.pfb></usr/local/texlive/2016/texmf-dist/fonts/type1/public/amsfonts/c
m/cmcsc10.pfb></usr/local/texlive/2016/texmf-dist/fonts/type1/public/amsfonts/c
m/cmmi10.pfb></usr/local/texlive/2016/texmf-dist/fonts/type1/public/amsfonts/cm
/cmr10.pfb></usr/local/texlive/2016/texmf-dist/fonts/type1/public/amsfonts/cm/c
mr12.pfb></usr/local/texlive/2016/texmf-dist/fonts/type1/public/amsfonts/cm/cmr
17.pfb></usr/local/texlive/2016/texmf-dist/fonts/type1/public/amsfonts/cm/cmtt1
0.pfb>
Output written on main.pdf (10 pages, 148403 bytes).
PDF statistics:
 112 PDF objects out of 1000 (max. 8388607)
 73 compressed objects within 1 object stream
 0 named destinations out of 1000 (max. 500000)
 91 words of extra memory for PDF output out of 10000 (max. 10000000)

