This is pdfTeX, Version 3.14159265-2.6-1.40.16 (TeX Live 2015/Debian) (preloaded format=pdflatex 2016.7.30)  6 AUG 2016 11:45
entering extended mode
 restricted \write18 enabled.
 %&-line parsing enabled.
**main.tex
(./main.tex
LaTeX2e <2016/02/01>
Babel <3.9q> and hyphenation patterns for 6 language(s) loaded.
(/usr/share/texlive/texmf-dist/tex/latex/base/report.cls
Document Class: report 2014/09/29 v1.4h Standard LaTeX document class
(/usr/share/texlive/texmf-dist/tex/latex/base/size11.clo
File: size11.clo 2014/09/29 v1.4h Standard LaTeX file (size option)
)
\c@part=\count79
\c@chapter=\count80
\c@section=\count81
\c@subsection=\count82
\c@subsubsection=\count83
\c@paragraph=\count84
\c@subparagraph=\count85
\c@figure=\count86
\c@table=\count87
\abovecaptionskip=\skip41
\belowcaptionskip=\skip42
\bibindent=\dimen102
)
(/usr/share/texlive/texmf-dist/tex/generic/babel/babel.sty
Package: babel 2016/02/24 3.9q The Babel package

(/usr/share/texlive/texmf-dist/tex/generic/babel-english/english.ldf
Language: english 2012/08/20 v3.3p English support from the babel system

(/usr/share/texlive/texmf-dist/tex/generic/babel/babel.def
File: babel.def 2016/02/24 3.9q Babel common definitions
\babel@savecnt=\count88
\U@D=\dimen103
)
\l@canadian = a dialect from \language\l@american 
\l@australian = a dialect from \language\l@british 
\l@newzealand = a dialect from \language\l@british 
))
(/usr/share/texlive/texmf-dist/tex/latex/xcolor/xcolor.sty
Package: xcolor 2007/01/21 v2.11 LaTeX color extensions (UK)

(/usr/share/texlive/texmf-dist/tex/latex/latexconfig/color.cfg
File: color.cfg 2007/01/18 v1.5 color configuration of teTeX/TeXLive
)
Package xcolor Info: Driver file: pdftex.def on input line 225.

(/usr/share/texlive/texmf-dist/tex/latex/pdftex-def/pdftex.def
File: pdftex.def 2011/05/27 v0.06d Graphics/color for pdfTeX

(/usr/share/texlive/texmf-dist/tex/generic/oberdiek/infwarerr.sty
Package: infwarerr 2010/04/08 v1.3 Providing info/warning/error messages (HO)
)
(/usr/share/texlive/texmf-dist/tex/generic/oberdiek/ltxcmds.sty
Package: ltxcmds 2011/11/09 v1.22 LaTeX kernel commands for general use (HO)
)
\Gread@gobject=\count89
)
Package xcolor Info: Model `cmy' substituted by `cmy0' on input line 1337.
Package xcolor Info: Model `hsb' substituted by `rgb' on input line 1341.
Package xcolor Info: Model `RGB' extended on input line 1353.
Package xcolor Info: Model `HTML' substituted by `rgb' on input line 1355.
Package xcolor Info: Model `Hsb' substituted by `hsb' on input line 1356.
Package xcolor Info: Model `tHsb' substituted by `hsb' on input line 1357.
Package xcolor Info: Model `HSB' substituted by `hsb' on input line 1358.
Package xcolor Info: Model `Gray' substituted by `gray' on input line 1359.
Package xcolor Info: Model `wave' substituted by `hsb' on input line 1360.
)
(/usr/share/texlive/texmf-dist/tex/latex/graphics/graphicx.sty
Package: graphicx 2014/10/28 v1.0g Enhanced LaTeX Graphics (DPC,SPQR)

(/usr/share/texlive/texmf-dist/tex/latex/graphics/keyval.sty
Package: keyval 2014/10/28 v1.15 key=value parser (DPC)
\KV@toks@=\toks14
)
(/usr/share/texlive/texmf-dist/tex/latex/graphics/graphics.sty
Package: graphics 2016/01/03 v1.0q Standard LaTeX Graphics (DPC,SPQR)

(/usr/share/texlive/texmf-dist/tex/latex/graphics/trig.sty
Package: trig 2016/01/03 v1.10 sin cos tan (DPC)
)
(/usr/share/texlive/texmf-dist/tex/latex/latexconfig/graphics.cfg
File: graphics.cfg 2010/04/23 v1.9 graphics configuration of TeX Live
)
Package graphics Info: Driver file: pdftex.def on input line 95.
)
\Gin@req@height=\dimen104
\Gin@req@width=\dimen105
)
(/usr/share/texlive/texmf-dist/tex/latex/caption/caption.sty
Package: caption 2016/02/21 v3.3-144 Customizing captions (AR)

(/usr/share/texlive/texmf-dist/tex/latex/caption/caption3.sty
Package: caption3 2016/02/04 v1.7-139 caption3 kernel (AR)
Package caption3 Info: TeX engine: e-TeX on input line 67.
\captionmargin=\dimen106
\captionmargin@=\dimen107
\captionwidth=\dimen108
\caption@tempdima=\dimen109
\caption@indent=\dimen110
\caption@parindent=\dimen111
\caption@hangindent=\dimen112
)
\c@ContinuedFloat=\count90
) (./main.aux)
\openout1 = `main.aux'.

LaTeX Font Info:    Checking defaults for OML/cmm/m/it on input line 10.
LaTeX Font Info:    ... okay on input line 10.
LaTeX Font Info:    Checking defaults for T1/cmr/m/n on input line 10.
LaTeX Font Info:    ... okay on input line 10.
LaTeX Font Info:    Checking defaults for OT1/cmr/m/n on input line 10.
LaTeX Font Info:    ... okay on input line 10.
LaTeX Font Info:    Checking defaults for OMS/cmsy/m/n on input line 10.
LaTeX Font Info:    ... okay on input line 10.
LaTeX Font Info:    Checking defaults for OMX/cmex/m/n on input line 10.
LaTeX Font Info:    ... okay on input line 10.
LaTeX Font Info:    Checking defaults for U/cmr/m/n on input line 10.
LaTeX Font Info:    ... okay on input line 10.

(/usr/share/texlive/texmf-dist/tex/context/base/supp-pdf.mkii
[Loading MPS to PDF converter (version 2006.09.02).]
\scratchcounter=\count91
\scratchdimen=\dimen113
\scratchbox=\box26
\nofMPsegments=\count92
\nofMParguments=\count93
\everyMPshowfont=\toks15
\MPscratchCnt=\count94
\MPscratchDim=\dimen114
\MPnumerator=\count95
\makeMPintoPDFobject=\count96
\everyMPtoPDFconversion=\toks16
) (/usr/share/texlive/texmf-dist/tex/generic/oberdiek/pdftexcmds.sty
Package: pdftexcmds 2011/11/29 v0.20 Utility functions of pdfTeX for LuaTeX (HO
)

(/usr/share/texlive/texmf-dist/tex/generic/oberdiek/ifluatex.sty
Package: ifluatex 2010/03/01 v1.3 Provides the ifluatex switch (HO)
Package ifluatex Info: LuaTeX not detected.
)
(/usr/share/texlive/texmf-dist/tex/generic/oberdiek/ifpdf.sty
Package: ifpdf 2011/01/30 v2.3 Provides the ifpdf switch (HO)
Package ifpdf Info: pdfTeX in PDF mode is detected.
)
Package pdftexcmds Info: LuaTeX not detected.
Package pdftexcmds Info: \pdf@primitive is available.
Package pdftexcmds Info: \pdf@ifprimitive is available.
Package pdftexcmds Info: \pdfdraftmode found.
)
(/usr/share/texlive/texmf-dist/tex/latex/oberdiek/epstopdf-base.sty
Package: epstopdf-base 2010/02/09 v2.5 Base part for package epstopdf

(/usr/share/texlive/texmf-dist/tex/latex/oberdiek/grfext.sty
Package: grfext 2010/08/19 v1.1 Manage graphics extensions (HO)

(/usr/share/texlive/texmf-dist/tex/generic/oberdiek/kvdefinekeys.sty
Package: kvdefinekeys 2011/04/07 v1.3 Define keys (HO)
))
(/usr/share/texlive/texmf-dist/tex/latex/oberdiek/kvoptions.sty
Package: kvoptions 2011/06/30 v3.11 Key value format for package options (HO)

(/usr/share/texlive/texmf-dist/tex/generic/oberdiek/kvsetkeys.sty
Package: kvsetkeys 2012/04/25 v1.16 Key value parser (HO)

(/usr/share/texlive/texmf-dist/tex/generic/oberdiek/etexcmds.sty
Package: etexcmds 2011/02/16 v1.5 Avoid name clashes with e-TeX commands (HO)
Package etexcmds Info: Could not find \expanded.
(etexcmds)             That can mean that you are not using pdfTeX 1.50 or
(etexcmds)             that some package has redefined \expanded.
(etexcmds)             In the latter case, load this package earlier.
)))
Package grfext Info: Graphics extension search list:
(grfext)             [.png,.pdf,.jpg,.mps,.jpeg,.jbig2,.jb2,.PNG,.PDF,.JPG,.JPE
G,.JBIG2,.JB2,.eps]
(grfext)             \AppendGraphicsExtensions on input line 452.

(/usr/share/texlive/texmf-dist/tex/latex/latexconfig/epstopdf-sys.cfg
File: epstopdf-sys.cfg 2010/07/13 v1.3 Configuration of (r)epstopdf for TeX Liv
e
))
Package caption Info: Begin \AtBeginDocument code.
Package caption Info: End \AtBeginDocument code.
LaTeX Font Info:    External font `cmex10' loaded for size
(Font)              <10.95> on input line 30.
LaTeX Font Info:    External font `cmex10' loaded for size
(Font)              <8> on input line 30.
LaTeX Font Info:    External font `cmex10' loaded for size
(Font)              <6> on input line 30.

<../SPM/examples/slots/squared_slot.pdf, id=1, 39.30345pt x 73.91333pt>
File: ../SPM/examples/slots/squared_slot.pdf Graphic file (type pdf)

<use ../SPM/examples/slots/squared_slot.pdf>
Package pdftex.def Info: ../SPM/examples/slots/squared_slot.pdf used on input l
ine 30.
(pdftex.def)             Requested size: 39.30334pt x 73.91315pt.

<../SPM/examples/slots/rounded_slot.pdf, id=2, 38.9993pt x 73.89633pt>
File: ../SPM/examples/slots/rounded_slot.pdf Graphic file (type pdf)

<use ../SPM/examples/slots/rounded_slot.pdf>
Package pdftex.def Info: ../SPM/examples/slots/rounded_slot.pdf used on input l
ine 30.
(pdftex.def)             Requested size: 38.99919pt x 73.89613pt.

<../SPM/examples/slots/round_slot.pdf, id=3, 39.31654pt x 73.90094pt>
File: ../SPM/examples/slots/round_slot.pdf Graphic file (type pdf)

<use ../SPM/examples/slots/round_slot.pdf>
Package pdftex.def Info: ../SPM/examples/slots/round_slot.pdf used on input lin
e 30.
(pdftex.def)             Requested size: 39.31644pt x 73.90074pt.

<../SPM/examples/slots/semiround_slot.pdf, id=4, 38.29865pt x 73.90422pt>
File: ../SPM/examples/slots/semiround_slot.pdf Graphic file (type pdf)

<use ../SPM/examples/slots/semiround_slot.pdf>
Package pdftex.def Info: ../SPM/examples/slots/semiround_slot.pdf used on input
 line 30.
(pdftex.def)             Requested size: 38.29854pt x 73.90402pt.

<../SPM/examples/slots/roundsemi_slot.pdf, id=5, 39.29227pt x 73.91333pt>
File: ../SPM/examples/slots/roundsemi_slot.pdf Graphic file (type pdf)

<use ../SPM/examples/slots/roundsemi_slot.pdf>
Package pdftex.def Info: ../SPM/examples/slots/roundsemi_slot.pdf used on input
 line 30.
(pdftex.def)             Requested size: 39.29216pt x 73.91315pt.

<../SPM/examples/slots/semiarc_slot.pdf, id=6, 39.25375pt x 74.18025pt>
File: ../SPM/examples/slots/semiarc_slot.pdf Graphic file (type pdf)

<use ../SPM/examples/slots/semiarc_slot.pdf>
Package pdftex.def Info: ../SPM/examples/slots/semiarc_slot.pdf used on input l
ine 30.
(pdftex.def)             Requested size: 39.25363pt x 74.18005pt.

<../SPM/examples/slots/roundarc_slot.pdf, id=7, 39.25221pt x 74.18025pt>
File: ../SPM/examples/slots/roundarc_slot.pdf Graphic file (type pdf)

<use ../SPM/examples/slots/roundarc_slot.pdf>
Package pdftex.def Info: ../SPM/examples/slots/roundarc_slot.pdf used on input 
line 30.
(pdftex.def)             Requested size: 39.2521pt x 74.18005pt.
 [1

{/var/lib/texmf/fonts/map/pdftex/updmap/pdftex.map} <../SPM/examples/slots/squa
red_slot.pdf> <../SPM/examples/slots/rounded_slot.pdf

pdfTeX warning: /usr/bin/pdflatex (file ../SPM/examples/slots/rounded_slot.pdf)
: PDF inclusion: multiple pdfs with page group included in a single page
> <../SPM/examples/slots/round_slot.pdf

pdfTeX warning: /usr/bin/pdflatex (file ../SPM/examples/slots/round_slot.pdf): 
PDF inclusion: multiple pdfs with page group included in a single page
> <../SPM/examples/slots/semiround_slot.pdf

pdfTeX warning: /usr/bin/pdflatex (file ../SPM/examples/slots/semiround_slot.pd
f): PDF inclusion: multiple pdfs with page group included in a single page
> <../SPM/examples/slots/roundsemi_slot.pdf

pdfTeX warning: /usr/bin/pdflatex (file ../SPM/examples/slots/roundsemi_slot.pd
f): PDF inclusion: multiple pdfs with page group included in a single page
> <../SPM/examples/slots/semiarc_slot.pdf

pdfTeX warning: /usr/bin/pdflatex (file ../SPM/examples/slots/semiarc_slot.pdf)
: PDF inclusion: multiple pdfs with page group included in a single page
> <../SPM/examples/slots/roundarc_slot.pdf

pdfTeX warning: /usr/bin/pdflatex (file ../SPM/examples/slots/roundarc_slot.pdf
): PDF inclusion: multiple pdfs with page group included in a single page
>] <../SPM/examples/stators/1pole.pdf, id=24, 184.1538pt x 258.68292pt>
File: ../SPM/examples/stators/1pole.pdf Graphic file (type pdf)

<use ../SPM/examples/stators/1pole.pdf>
Package pdftex.def Info: ../SPM/examples/stators/1pole.pdf used on input line 3
8.
(pdftex.def)             Requested size: 138.11499pt x 194.0117pt.

<../SPM/examples/stators/2pole.pdf, id=25, 405.58517pt x 310.13544pt>
File: ../SPM/examples/stators/2pole.pdf Graphic file (type pdf)

<use ../SPM/examples/stators/2pole.pdf>
Package pdftex.def Info: ../SPM/examples/stators/2pole.pdf used on input line 4
5.
(pdftex.def)             Requested size: 304.18813pt x 232.60098pt.

<../SPM/examples/stators/ppole.pdf, id=26, 568.79573pt x 310.12373pt>
File: ../SPM/examples/stators/ppole.pdf Graphic file (type pdf)

<use ../SPM/examples/stators/ppole.pdf>
Package pdftex.def Info: ../SPM/examples/stators/ppole.pdf used on input line 5
2.
(pdftex.def)             Requested size: 426.59575pt x 232.59222pt.

Overfull \hbox (95.59575pt too wide) in paragraph at lines 51--57
[][]
 []

[2 <../SPM/examples/stators/1pole.pdf> <../SPM/examples/stators/2pole.pdf

pdfTeX warning: /usr/bin/pdflatex (file ../SPM/examples/stators/2pole.pdf): PDF
 inclusion: multiple pdfs with page group included in a single page
>] <../SPM/examples/stators/2ppole.pdf, id=33, 569.85823pt x 569.85786pt>
File: ../SPM/examples/stators/2ppole.pdf Graphic file (type pdf)

<use ../SPM/examples/stators/2ppole.pdf>
Package pdftex.def Info: ../SPM/examples/stators/2ppole.pdf used on input line 
59.
(pdftex.def)             Requested size: 427.39261pt x 427.39233pt.

Overfull \hbox (96.39261pt too wide) in paragraph at lines 58--64
[][] 
 []

[3 <../SPM/examples/stators/ppole.pdf>] [4 <../SPM/examples/stators/2ppole.pdf>
] <../SPM/examples/magnets/parallel_rect.pdf, id=45, 161.57098pt x 36.56966pt>
File: ../SPM/examples/magnets/parallel_rect.pdf Graphic file (type pdf)

<use ../SPM/examples/magnets/parallel_rect.pdf>
Package pdftex.def Info: ../SPM/examples/magnets/parallel_rect.pdf used on inpu
t line 72.
(pdftex.def)             Requested size: 161.57059pt x 36.56955pt.

<../SPM/examples/magnets/parallel_trapz.pdf, id=46, 161.57098pt x 36.56966pt>
File: ../SPM/examples/magnets/parallel_trapz.pdf Graphic file (type pdf)

<use ../SPM/examples/magnets/parallel_trapz.pdf>
Package pdftex.def Info: ../SPM/examples/magnets/parallel_trapz.pdf used on inp
ut line 80.
(pdftex.def)             Requested size: 161.57059pt x 36.56955pt.

<../SPM/examples/magnets/radial_trapz.pdf, id=47, 161.57098pt x 36.56976pt>
File: ../SPM/examples/magnets/radial_trapz.pdf Graphic file (type pdf)

<use ../SPM/examples/magnets/radial_trapz.pdf>
Package pdftex.def Info: ../SPM/examples/magnets/radial_trapz.pdf used on input
 line 88.
(pdftex.def)             Requested size: 161.57059pt x 36.56966pt.
 [5 <../SPM/examples/magnets/parallel_rect.pdf> <../SPM/examples/magnets/parall
el_trapz.pdf

pdfTeX warning: /usr/bin/pdflatex (file ../SPM/examples/magnets/parallel_trapz.
pdf): PDF inclusion: multiple pdfs with page group included in a single page
> <../SPM/examples/magnets/radial_trapz.pdf

pdfTeX warning: /usr/bin/pdflatex (file ../SPM/examples/magnets/radial_trapz.pd
f): PDF inclusion: multiple pdfs with page group included in a single page
>] <../SPM/examples/rotors/1pole.pdf, id=55, 126.51079pt x 177.21585pt>
File: ../SPM/examples/rotors/1pole.pdf Graphic file (type pdf)

<use ../SPM/examples/rotors/1pole.pdf>
Package pdftex.def Info: ../SPM/examples/rotors/1pole.pdf used on input line 10
0.
(pdftex.def)             Requested size: 94.88284pt x 132.91154pt.

<../SPM/examples/rotors/2pole.pdf, id=56, 175.79318pt x 265.42221pt>
File: ../SPM/examples/rotors/2pole.pdf Graphic file (type pdf)

<use ../SPM/examples/rotors/2pole.pdf>
Package pdftex.def Info: ../SPM/examples/rotors/2pole.pdf used on input line 10
7.
(pdftex.def)             Requested size: 131.84454pt x 199.06616pt.

<../SPM/examples/rotors/ppole.pdf, id=57, 328.56544pt x 263.3337pt>
File: ../SPM/examples/rotors/ppole.pdf Graphic file (type pdf)

<use ../SPM/examples/rotors/ppole.pdf>
Package pdftex.def Info: ../SPM/examples/rotors/ppole.pdf used on input line 11
4.
(pdftex.def)             Requested size: 246.42348pt x 197.49977pt.
 [6 <../SPM/examples/rotors/1pole.pdf> <../SPM/examples/rotors/2pole.pdf

pdfTeX warning: /usr/bin/pdflatex (file ../SPM/examples/rotors/2pole.pdf): PDF 
inclusion: multiple pdfs with page group included in a single page
>] <../SPM/examples/rotors/2ppole.pdf, id=64, 350.77191pt x 349.45154pt>
File: ../SPM/examples/rotors/2ppole.pdf Graphic file (type pdf)

<use ../SPM/examples/rotors/2ppole.pdf>
Package pdftex.def Info: ../SPM/examples/rotors/2ppole.pdf used on input line 1
21.
(pdftex.def)             Requested size: 263.07828pt x 262.08801pt.
 [7 <../SPM/examples/rotors/ppole.pdf> <../SPM/examples/rotors/2ppole.pdf

pdfTeX warning: /usr/bin/pdflatex (file ../SPM/examples/rotors/2ppole.pdf): PDF
 inclusion: multiple pdfs with page group included in a single page
>] (./main.aux) ) 
Here is how much of TeX's memory you used:
 3525 strings out of 494901
 54198 string characters out of 6179486
 117037 words of memory out of 5000000
 6786 multiletter control sequences out of 15000+600000
 7152 words of font info for 26 fonts, out of 8000000 for 9000
 36 hyphenation exceptions out of 8191
 38i,11n,38p,230b,208s stack positions out of 5000i,500n,10000p,200000b,80000s
</usr/share/texlive/texmf-dist/fonts/type1/public/amsfonts/cm/
cmbx12.pfb></usr/share/texlive/texmf-dist/fonts/type1/public/amsfonts/cm/cmmi10
.pfb></usr/share/texlive/texmf-dist/fonts/type1/public/amsfonts/cm/cmr10.pfb></
usr/share/texlive/texmf-dist/fonts/type1/public/amsfonts/cm/cmtt10.pfb>
Output written on main.pdf (7 pages, 103072 bytes).
PDF statistics:
 87 PDF objects out of 1000 (max. 8388607)
 55 compressed objects within 1 object stream
 0 named destinations out of 1000 (max. 500000)
 91 words of extra memory for PDF output out of 10000 (max. 10000000)

