**************************************************
Analysis 'no_load' started at 08/08/16 17:54:40
by Giacomo on test.
**************************************************

Mesh precision factor is  1.
The simulation is on   2 poles.


+++ Simulation n. 1 +++
SPM_test opened...
Rotor rotated by 0deg.
Successfully closed the air-gap.

FEA duration was  9.3 s.


+++ Simulation n. 2 +++
SPM_test opened...
Rotor rotated by 1deg.
Successfully closed the air-gap.

FEA duration was 10.9 s.


+++ Simulation n. 3 +++
SPM_test opened...
Rotor rotated by 2deg.
Successfully closed the air-gap.

FEA duration was  9.4 s.


+++ Simulation n. 4 +++
SPM_test opened...
Rotor rotated by 3deg.
Successfully closed the air-gap.

FEA duration was  9.3 s.


+++ Simulation n. 5 +++
SPM_test opened...
Rotor rotated by 4deg.
Successfully closed the air-gap.

FEA duration was  9.1 s.


+++ Simulation n. 6 +++
SPM_test opened...
Rotor rotated by 5deg.
Successfully closed the air-gap.

FEA duration was  9.6 s.


+++ Simulation n. 7 +++
SPM_test opened...
Rotor rotated by 6deg.
Successfully closed the air-gap.

FEA duration was  9.4 s.


+++ Simulation n. 8 +++
SPM_test opened...
Rotor rotated by 7deg.
Successfully closed the air-gap.

FEA duration was  9.9 s.


+++ Simulation n. 9 +++
SPM_test opened...
Rotor rotated by 8deg.
Successfully closed the air-gap.

FEA duration was  9.4 s.


+++ Simulation n. 10 +++
SPM_test opened...
Rotor rotated by 9deg.
Successfully closed the air-gap.

FEA duration was  9.2 s.


+++ Simulation n. 11 +++
SPM_test opened...
Rotor rotated by 10deg.
Successfully closed the air-gap.

FEA duration was 10.6 s.


+++ Simulation n. 12 +++
SPM_test opened...
Rotor rotated by 11deg.
Successfully closed the air-gap.

FEA duration was  9.3 s.


+++ Simulation n. 13 +++
SPM_test opened...
Rotor rotated by 12deg.
Successfully closed the air-gap.

FEA duration was  9.4 s.


+++ Simulation n. 14 +++
SPM_test opened...
Rotor rotated by 13deg.
Successfully closed the air-gap.

FEA duration was  9.8 s.


+++ Simulation n. 15 +++
SPM_test opened...
Rotor rotated by 14deg.
Successfully closed the air-gap.

FEA duration was  9.4 s.


+++ Simulation n. 16 +++
SPM_test opened...
Rotor rotated by 15deg.
Successfully closed the air-gap.

FEA duration was  8.7 s.


+++ Simulation n. 17 +++
SPM_test opened...
Rotor rotated by 16deg.
Successfully closed the air-gap.

FEA duration was  9.6 s.


+++ Simulation n. 18 +++
SPM_test opened...
Rotor rotated by 17deg.
Successfully closed the air-gap.

FEA duration was  9.2 s.


+++ Simulation n. 19 +++
SPM_test opened...
Rotor rotated by 18deg.
Successfully closed the air-gap.

FEA duration was  9.2 s.


+++ Simulation n. 20 +++
SPM_test opened...
Rotor rotated by 19deg.
Successfully closed the air-gap.

FEA duration was 12.0 s.

Analysis finished at 08/08/16 18:00:44
**************************************************
